[     630ms] [WARNING] Caught a recoverable error. The site is still functional, but might have some UI flickering or degraded page load performance. If you are the author of this website, update external components and check recently added custom code or code overrides to fix the following server/client mismatches:
 Error: Minified React error #425; visit https://reactjs.org/docs/error-decoder.html?invariant=425 for the full message or use the non-minified dev environment for full errors and additional helpful warnings.
    at Ii (https://framerusercontent.com/sites/5piPdI4NRXvumDNdBiz0mX/react.bGXxr8T7.mjs:6:68)
    at us (https://framerusercontent.com/sites/5piPdI4NRXvumDNdBiz0mX/react.bGXxr8T7.mjs:8:14036)
    at ec (https://framerusercontent.com/sites/5piPdI4NRXvumDNdBiz0mX/react.bGXxr8T7.mjs:8:37372)
    at $s (https://framerusercontent.com/sites/5piPdI4NRXvumDNdBiz0mX/react.bGXxr8T7.mjs:8:37134)
    at Qs (https://framerusercontent.com/sites/5piPdI4NRXvumDNdBiz0mX/react.bGXxr8T7.mjs:8:37046)
    at Ls (https://framerusercontent.com/sites/5piPdI4NRXvumDNdBiz0mX/react.bGXxr8T7.mjs:8:32130)
    at wt (https://framerusercontent.com/sites/5piPdI4NRXvumDNdBiz0mX/react.bGXxr8T7.mjs:1:10651)
    at MessagePort.Et (https://framerusercontent.com/sites/5piPdI4NRXvumDNdBiz0mX/react.bGXxr8T7.mjs:1:11006) 
    at style
    at h1
    at s (https://framerusercontent.com/sites/5piPdI4NRXvumDNdBiz0mX/motion.BooEv4px.mjs:9:5643)
    at _t (https://framerusercontent.com/sites/5piPdI4NRXvumDNdBiz0mX/script_main.CAEd1gIH.mjs:1:4103)
    at jS (https://framerusercontent.com/sites/5piPdI4NRXvumDNdBiz0mX/framer.C-Rh3RIJ.mjs:1056:716)
    at Suspense
    at el (https://framerusercontent.com/sites/5piPdI4NRXvumDNdBiz0mX/framer.C-Rh3RIJ.mjs:49:69817)
    at ol (https://framerusercontent.com/sites/5piPdI4NRXvumDNdBiz0mX/framer.C-Rh3RIJ.mjs:49:70481)
    at al (https://framerusercontent.com/sites/5piPdI4NRXvumDNdBiz0mX/framer.C-Rh3RIJ.mjs:49:70343)
    at ll (https://framerusercontent.com/sites/5piPdI4NRXvumDNdBiz0mX/framer.C-Rh3RIJ.mjs:49:70752)
    at div
    at s (https://framerusercontent.com/sites/5piPdI4NRXvumDNdBiz0mX/motion.BooEv4px.mjs:9:5643)
    at https://framerusercontent.com/sites/5piPdI4NRXvumDNdBiz0mX/framer.C-Rh3RIJ.mjs:1056:1952
    at https://framerusercontent.com/sites/5piPdI4NRXvumDNdBiz0mX/framer.C-Rh3RIJ.mjs:1049:32039
    at div
    at s (https://framerusercontent.com/sites/5piPdI4NRXvumDNdBiz0mX/motion.BooEv4px.mjs:9:5643)
    at header
    at s (https://framerusercontent.com/sites/5piPdI4NRXvumDNdBiz0mX/motion.BooEv4px.mjs:9:5643)
    at footer
    at s (https://framerusercontent.com/sites/5piPdI4NRXvumDNdBiz0mX/motion.BooEv4px.mjs:9:5643)
    at er (https://framerusercontent.com/sites/5piPdI4NRXvumDNdBiz0mX/script_main.CAEd1gIH.mjs:20:38893)
    at s (https://framerusercontent.com/sites/5piPdI4NRXvumDNdBiz0mX/motion.BooEv4px.mjs:9:5643)
    at Xd (https://framerusercontent.com/sites/5piPdI4NRXvumDNdBiz0mX/motion.BooEv4px.mjs:9:73774)
    at https://framerusercontent.com/sites/5piPdI4NRXvumDNdBiz0mX/script_main.CAEd1gIH.mjs:20:39314
    at https://framerusercontent.com/sites/5piPdI4NRXvumDNdBiz0mX/framer.C-Rh3RIJ.mjs:112:34239
    at div
    at https://framerusercontent.com/sites/5piPdI4NRXvumDNdBiz0mX/framer.C-Rh3RIJ.mjs:1049:26738
    at https://framerusercontent.com/sites/5piPdI4NRXvumDNdBiz0mX/framer.C-Rh3RIJ.mjs:112:34239
    at Xd (https://framerusercontent.com/sites/5piPdI4NRXvumDNdBiz0mX/motion.BooEv4px.mjs:9:73774)
    at Hi (https://framerusercontent.com/sites/5piPdI4NRXvumDNdBiz0mX/framer.C-Rh3RIJ.mjs:49:23404)
    at div
    at s (https://framerusercontent.com/sites/5piPdI4NRXvumDNdBiz0mX/motion.BooEv4px.mjs:9:5643)
    at https://framerusercontent.com/sites/5piPdI4NRXvumDNdBiz0mX/framer.C-Rh3RIJ.mjs:1056:1471
    at https://framerusercontent.com/sites/5piPdI4NRXvumDNdBiz0mX/framer.C-Rh3RIJ.mjs:1049:32226
    at https://framerusercontent.com/sites/5piPdI4NRXvumDNdBiz0mX/framer.C-Rh3RIJ.mjs:1049:32039
    at div
    at s (https://framerusercontent.com/sites/5piPdI4NRXvumDNdBiz0mX/motion.BooEv4px.mjs:9:5643)
    at Xd (https://framerusercontent.com/sites/5piPdI4NRXvumDNdBiz0mX/motion.BooEv4px.mjs:9:73774)
    at https://framerusercontent.com/sites/5piPdI4NRXvumDNdBiz0mX/script_main.CAEd1gIH.mjs:20:135982
    at https://framerusercontent.com/sites/5piPdI4NRXvumDNdBiz0mX/framer.C-Rh3RIJ.mjs:112:34239
    at Ka (https://framerusercontent.com/sites/5piPdI4NRXvumDNdBiz0mX/script_main.CAEd1gIH.mjs:20:138706)
    at td (https://framerusercontent.com/sites/5piPdI4NRXvumDNdBiz0mX/framer.C-Rh3RIJ.mjs:51:6130)
    at R_ (https://framerusercontent.com/sites/5piPdI4NRXvumDNdBiz0mX/framer.C-Rh3RIJ.mjs:112:6172)
    at Suspense
    at el (https://framerusercontent.com/sites/5piPdI4NRXvumDNdBiz0mX/framer.C-Rh3RIJ.mjs:49:69817)
    at ES (https://framerusercontent.com/sites/5piPdI4NRXvumDNdBiz0mX/framer.C-Rh3RIJ.mjs:1049:32326)
    at Au (https://framerusercontent.com/sites/5piPdI4NRXvumDNdBiz0mX/framer.C-Rh3RIJ.mjs:49:88137)
    at _r (https://framerusercontent.com/sites/5piPdI4NRXvumDNdBiz0mX/framer.C-Rh3RIJ.mjs:49:6931)
    at https://framerusercontent.com/sites/5piPdI4NRXvumDNdBiz0mX/framer.C-Rh3RIJ.mjs:1056:2511
    at https://framerusercontent.com/sites/5piPdI4NRXvumDNdBiz0mX/framer.C-Rh3RIJ.mjs:112:34239
    at Et (https://framerusercontent.com/sites/5piPdI4NRXvumDNdBiz0mX/framer.C-Rh3RIJ.mjs:3:2957)
    at ed (https://framerusercontent.com/sites/5piPdI4NRXvumDNdBiz0mX/framer.C-Rh3RIJ.mjs:51:2003)
    at Nu (https://framerusercontent.com/sites/5piPdI4NRXvumDNdBiz0mX/framer.C-Rh3RIJ.mjs:49:88993)
    at fw (https://framerusercontent.com/sites/5piPdI4NRXvumDNdBiz0mX/framer.C-Rh3RIJ.mjs:1056:16885)
    at ln (https://framerusercontent.com/sites/5piPdI4NRXvumDNdBiz0mX/framer.C-Rh3RIJ.mjs:7:8966)
    at ia (https://framerusercontent.com/sites/5piPdI4NRXvumDNdBiz0mX/motion.BooEv4px.mjs:9:1366)
    at dr (https://framerusercontent.com/sites/5piPdI4NRXvumDNdBiz0mX/framer.C-Rh3RIJ.mjs:49:6481)
    at dd (https://framerusercontent.com/sites/5piPdI4NRXvumDNdBiz0mX/framer.C-Rh3RIJ.mjs:51:7395)
    at nC (https://framerusercontent.com/sites/5piPdI4NRXvumDNdBiz0mX/framer.C-Rh3RIJ.mjs:1056:6067)
    at An (https://framerusercontent.com/sites/5piPdI4NRXvumDNdBiz0mX/framer.C-Rh3RIJ.mjs:7:13838) @ https://framerusercontent.com/sites/5piPdI4NRXvumDNdBiz0mX/script_main.CAEd1gIH.mjs:19
[     631ms] [WARNING] Caught a recoverable error. The site is still functional, but might have some UI flickering or degraded page load performance. If you are the author of this website, update external components and check recently added custom code or code overrides to fix the following server/client mismatches:
 Error: Minified React error #422; visit https://reactjs.org/docs/error-decoder.html?invariant=422 for the full message or use the non-minified dev environment for full errors and additional helpful warnings.
    at ns (https://framerusercontent.com/sites/5piPdI4NRXvumDNdBiz0mX/react.bGXxr8T7.mjs:8:8255)
    at $o (https://framerusercontent.com/sites/5piPdI4NRXvumDNdBiz0mX/react.bGXxr8T7.mjs:8:7196)
    at cp (https://framerusercontent.com/sites/5piPdI4NRXvumDNdBiz0mX/react.bGXxr8T7.mjs:8:68482)
    at $s (https://framerusercontent.com/sites/5piPdI4NRXvumDNdBiz0mX/react.bGXxr8T7.mjs:8:37073)
    at Qs (https://framerusercontent.com/sites/5piPdI4NRXvumDNdBiz0mX/react.bGXxr8T7.mjs:8:37046)
    at Ls (https://framerusercontent.com/sites/5piPdI4NRXvumDNdBiz0mX/react.bGXxr8T7.mjs:8:32130)
    at wt (https://framerusercontent.com/sites/5piPdI4NRXvumDNdBiz0mX/react.bGXxr8T7.mjs:1:10651)
    at MessagePort.Et (https://framerusercontent.com/sites/5piPdI4NRXvumDNdBiz0mX/react.bGXxr8T7.mjs:1:11006) null @ https://framerusercontent.com/sites/5piPdI4NRXvumDNdBiz0mX/script_main.CAEd1gIH.mjs:19
